{
  "RSpec": {
    "coverage": {
      "/home/rlqualls/source/ruby/hack-before-homeless/rails-projects/sample_app/app/controllers/application_controller.rb": [
        1,
        1,
        1,
        null,
        null,
        1,
        0,
        0,
        null,
        null
      ],
      "/home/rlqualls/source/ruby/hack-before-homeless/rails-projects/sample_app/app/helpers/application_helper.rb": [
        1,
        1,
        0,
        0,
        0,
        null,
        0,
        null,
        null,
        null
      ],
      "/home/rlqualls/source/ruby/hack-before-homeless/rails-projects/sample_app/app/helpers/sessions_helper.rb": [
        1,
        null,
        1,
        8,
        8,
        null,
        null,
        1,
        44,
        null,
        null,
        1,
        1,
        1,
        null,
        null,
        1,
        9,
        null,
        null,
        1,
        53,
        null,
        null
      ],
      "/home/rlqualls/source/ruby/hack-before-homeless/rails-projects/sample_app/app/helpers/static_pages_helper.rb": [
        1,
        null
      ],
      "/home/rlqualls/source/ruby/hack-before-homeless/rails-projects/sample_app/app/helpers/users_helper.rb": [
        1,
        null,
        1,
        10,
        10,
        10,
        null,
        null
      ],
      "/home/rlqualls/source/ruby/hack-before-homeless/rails-projects/sample_app/app/controllers/sessions_controller.rb": [
        1,
        1,
        null,
        null,
        1,
        8,
        8,
        6,
        6,
        null,
        2,
        2,
        null,
        null,
        null,
        1,
        1,
        1,
        null,
        null
      ],
      "/home/rlqualls/source/ruby/hack-before-homeless/rails-projects/sample_app/app/controllers/static_pages_controller.rb": [
        1,
        1,
        null,
        null,
        1,
        null,
        null,
        1,
        null,
        null,
        1,
        null,
        null
      ],
      "/home/rlqualls/source/ruby/hack-before-homeless/rails-projects/sample_app/app/controllers/users_controller.rb": [
        1,
        1,
        10,
        null,
        null,
        1,
        6,
        null,
        null,
        1,
        3,
        3,
        2,
        2,
        2,
        null,
        1,
        null,
        null,
        null,
        1,
        null,
        1,
        3,
        null,
        null,
        null
      ],
      "/home/rlqualls/source/ruby/hack-before-homeless/rails-projects/sample_app/app/models/user.rb": [
        1,
        1,
        1,
        16,
        1,
        1,
        1,
        1,
        null,
        null,
        1,
        1,
        null,
        1,
        null,
        1,
        15,
        null,
        null
      ]
    },
    "timestamp": 1370406835
  }
}
